<?xml version="1.0" encoding="UTF-8"?>
<!-- Generated by org.testng.reporters.JUnitXMLReporter -->
<testsuite ignored="2" hostname="IN-61DF8C3" failures="0" tests="1" name="Default test" time="15.657" errors="0" timestamp="2024-06-14T10:33:21 IST">
  <testcase classname="tests.CartPageTest" name="verifyProductAddedToCart" time="7.695"/>
  <testcase classname="tests.CartPageTest" name="verifyRemoveProduct" time="0.0">
    <ignored/>
  </testcase> <!-- verifyRemoveProduct -->
  <testcase classname="tests.CartPageTest" name="verifyIncreaseQuantity" time="0.0">
    <ignored/>
  </testcase> <!-- verifyIncreaseQuantity -->
</testsuite> <!-- Default test -->
