<?xml version="1.0" encoding="UTF-8"?>
<!-- Generated by org.testng.reporters.JUnitXMLReporter -->
<testsuite ignored="8" hostname="IN-61DF8C3" failures="1" tests="23" name="Test" time="146.226" errors="0" timestamp="2024-06-14T11:15:14 IST">
  <testcase classname="tests.HomePageTest" name="verifyHomePageTitle" time="0.052"/>
  <testcase classname="tests.HomePageTest" name="verifyGroceryNavigation" time="5.004"/>
  <testcase classname="tests.HomePageTest" name="testSearchFunctionality" time="2.332"/>
  <testcase classname="tests.HomePageTest" name="testSearchFunctionality" time="3.964"/>
  <testcase classname="tests.HomePageTest" name="testGoToLoginPage" time="1.873"/>
  <testcase classname="tests.HomePageTest" name="verifyCartIconPresence" time="0.043"/>
  <testcase classname="tests.HomePageTest" name="verifyFlipkartLogoPresence" time="0.045"/>
  <testcase classname="tests.LoginTest" name="testEnterEmail" time="1.946"/>
  <testcase classname="tests.LoginTest" name="testGoToSignupPage" time="1.983"/>
  <testcase classname="tests.ProductsPageTest" name="testAddToCart" time="6.493"/>
  <testcase classname="tests.CartPageTest" name="verifyProductAddedToCart" time="6.406"/>
  <testcase classname="tests.CartPageTest" name="verifyIncreaseQuantity" time="9.391"/>
  <testcase classname="tests.CartPageTest" name="verifyRemoveProduct" time="9.051"/>
  <testcase classname="tests.FooterLinkTest" name="verifyAboutUsLinkPresence" time="0.294"/>
  <testcase classname="tests.FooterLinkTest" name="verifyContactUsLinkPresence" time="0.04"/>
  <testcase classname="tests.FooterLinkTest" name="verifyCareersLinkPresence" time="0.03"/>
  <testcase classname="tests.FooterLinkTest" name="verifyPrivacyPolicyLinkPresence" time="0.026"/>
  <testcase classname="tests.FooterLinkTest" name="verifyMyntraLinkPresence" time="0.023"/>
  <testcase classname="tests.FooterLinkTest" name="verifyNavigationToAboutUsPage" time="2.592"/>
  <testcase classname="tests.FooterLinkTest" name="verifyNavigationToContactUsPage" time="1.082"/>
  <testcase classname="tests.FooterLinkTest" name="verifyNavigationToCareersPage" time="3.07">
    <failure type="java.lang.AssertionError" message="Failed to navigate to Careers page. expected [true] but found [false]">
      <![CDATA[java.lang.AssertionError: Failed to navigate to Careers page. expected [true] but found [false]
at tests.FooterLinkTest.verifyNavigationToCareersPage(FooterLinkTest.java:129)
at java.base/java.util.ArrayList.forEach(ArrayList.java:1511)
... Removed 30 stack frames]]>
    </failure>
  </testcase> <!-- verifyNavigationToCareersPage -->
  <testcase classname="tests.FooterLinkTest" name="verifyNavigationToPrivacyPolicyPage" time="1.045"/>
  <testcase classname="tests.FooterLinkTest" name="verifyNavigationToMyntraPage" time="3.238"/>
  <testcase classname="tests.BaseTest" name="@AfterSuite tearDownSuite" time="0.0">
    <ignored/>
  </testcase> <!-- @AfterSuite tearDownSuite -->
  <testcase classname="tests.BaseTest" name="@BeforeSuite setUpSuite" time="0.0">
    <ignored/>
  </testcase> <!-- @BeforeSuite setUpSuite -->
  <testcase classname="tests.BaseTest" name="@BeforeSuite setUpSuite" time="0.0">
    <ignored/>
  </testcase> <!-- @BeforeSuite setUpSuite -->
  <testcase classname="tests.BaseTest" name="@AfterSuite tearDownSuite" time="0.0">
    <ignored/>
  </testcase> <!-- @AfterSuite tearDownSuite -->
  <testcase classname="tests.BaseTest" name="@AfterSuite tearDownSuite" time="0.0">
    <ignored/>
  </testcase> <!-- @AfterSuite tearDownSuite -->
  <testcase classname="tests.BaseTest" name="@BeforeSuite setUpSuite" time="0.0">
    <ignored/>
  </testcase> <!-- @BeforeSuite setUpSuite -->
  <testcase classname="tests.BaseTest" name="@BeforeSuite setUpSuite" time="0.0">
    <ignored/>
  </testcase> <!-- @BeforeSuite setUpSuite -->
  <testcase classname="tests.BaseTest" name="@AfterSuite tearDownSuite" time="0.0">
    <ignored/>
  </testcase> <!-- @AfterSuite tearDownSuite -->
</testsuite> <!-- Test -->
